Analysis & Synthesis report for Expirement9
Wed Sep 10 16:29:50 2025
Quartus II Version 9.0 Build 132 02/25/2009 SJ Web Edition


---------------------
; Table of Contents ;
---------------------
  1. Legal Notice
  2. Analysis & Synthesis Summary
  3. Analysis & Synthesis Settings
  4. Analysis & Synthesis Source Files Read
  5. Analysis & Synthesis Resource Usage Summary
  6. Analysis & Synthesis Resource Utilization by Entity
  7. Registers Removed During Synthesis
  8. General Register Statistics
  9. Analysis & Synthesis Messages



----------------
; Legal Notice ;
----------------
Copyright (C) 1991-2009 Altera Corporation
Your use of Altera Corporation's design tools, logic functions 
and other software and tools, and its AMPP partner logic 
functions, and any output files from any of the foregoing 
(including device programming or simulation files), and any 
associated documentation or information are expressly subject 
to the terms and conditions of the Altera Program License 
Subscription Agreement, Altera MegaCore Function License 
Agreement, or other applicable license agreement, including, 
without limitation, that your use is for the sole purpose of 
programming logic devices manufactured by Altera and sold by 
Altera or its authorized distributors.  Please refer to the 
applicable agreement for further details.



+-------------------------------------------------------------------------+
; Analysis & Synthesis Summary                                            ;
+-------------------------------+-----------------------------------------+
; Analysis & Synthesis Status   ; Successful - Wed Sep 10 16:29:50 2025   ;
; Quartus II Version            ; 9.0 Build 132 02/25/2009 SJ Web Edition ;
; Revision Name                 ; Expirement9                             ;
; Top-level Entity Name         ; ComputerSecurity                        ;
; Family                        ; Stratix II                              ;
; Logic utilization             ; N/A                                     ;
;     Combinational ALUTs       ; 7                                       ;
;     Dedicated logic registers ; 10                                      ;
; Total registers               ; 10                                      ;
; Total pins                    ; 22                                      ;
; Total virtual pins            ; 0                                       ;
; Total block memory bits       ; 0                                       ;
; DSP block 9-bit elements      ; 0                                       ;
; Total PLLs                    ; 0                                       ;
; Total DLLs                    ; 0                                       ;
+-------------------------------+-----------------------------------------+


+----------------------------------------------------------------------------------------------------------+
; Analysis & Synthesis Settings                                                                            ;
+----------------------------------------------------------------+--------------------+--------------------+
; Option                                                         ; Setting            ; Default Value      ;
+----------------------------------------------------------------+--------------------+--------------------+
; Top-level entity name                                          ; ComputerSecurity   ; Expirement9        ;
; Family name                                                    ; Stratix II         ; Stratix II         ;
; Type of Retiming Performed During Resynthesis                  ; Full               ;                    ;
; Resynthesis Optimization Effort                                ; Normal             ;                    ;
; Physical Synthesis Level for Resynthesis                       ; Normal             ;                    ;
; Use Generated Physical Constraints File                        ; On                 ;                    ;
; Use smart compilation                                          ; Off                ; Off                ;
; Restructure Multiplexers                                       ; Auto               ; Auto               ;
; Create Debugging Nodes for IP Cores                            ; Off                ; Off                ;
; Preserve fewer node names                                      ; On                 ; On                 ;
; Disable OpenCore Plus hardware evaluation                      ; Off                ; Off                ;
; Verilog Version                                                ; Verilog_2001       ; Verilog_2001       ;
; VHDL Version                                                   ; VHDL93             ; VHDL93             ;
; State Machine Processing                                       ; Auto               ; Auto               ;
; Safe State Machine                                             ; Off                ; Off                ;
; Extract Verilog State Machines                                 ; On                 ; On                 ;
; Extract VHDL State Machines                                    ; On                 ; On                 ;
; Ignore Verilog initial constructs                              ; Off                ; Off                ;
; Iteration limit for constant Verilog loops                     ; 5000               ; 5000               ;
; Iteration limit for non-constant Verilog loops                 ; 250                ; 250                ;
; Add Pass-Through Logic to Inferred RAMs                        ; On                 ; On                 ;
; Parallel Synthesis                                             ; Off                ; Off                ;
; DSP Block Balancing                                            ; Auto               ; Auto               ;
; NOT Gate Push-Back                                             ; On                 ; On                 ;
; Power-Up Don't Care                                            ; On                 ; On                 ;
; Remove Redundant Logic Cells                                   ; Off                ; Off                ;
; Remove Duplicate Registers                                     ; On                 ; On                 ;
; Ignore CARRY Buffers                                           ; Off                ; Off                ;
; Ignore CASCADE Buffers                                         ; Off                ; Off                ;
; Ignore GLOBAL Buffers                                          ; Off                ; Off                ;
; Ignore ROW GLOBAL Buffers                                      ; Off                ; Off                ;
; Ignore LCELL Buffers                                           ; Off                ; Off                ;
; Ignore SOFT Buffers                                            ; On                 ; On                 ;
; Limit AHDL Integers to 32 Bits                                 ; Off                ; Off                ;
; Optimization Technique                                         ; Balanced           ; Balanced           ;
; Carry Chain Length                                             ; 70                 ; 70                 ;
; Auto Carry Chains                                              ; On                 ; On                 ;
; Auto Open-Drain Pins                                           ; On                 ; On                 ;
; Perform WYSIWYG Primitive Resynthesis                          ; Off                ; Off                ;
; Auto ROM Replacement                                           ; On                 ; On                 ;
; Auto RAM Replacement                                           ; On                 ; On                 ;
; Auto DSP Block Replacement                                     ; On                 ; On                 ;
; Auto Shift Register Replacement                                ; Auto               ; Auto               ;
; Auto Clock Enable Replacement                                  ; On                 ; On                 ;
; Strict RAM Replacement                                         ; Off                ; Off                ;
; Allow Synchronous Control Signals                              ; On                 ; On                 ;
; Force Use of Synchronous Clear Signals                         ; Off                ; Off                ;
; Auto RAM Block Balancing                                       ; On                 ; On                 ;
; Auto RAM to Logic Cell Conversion                              ; Off                ; Off                ;
; Auto Resource Sharing                                          ; Off                ; Off                ;
; Allow Any RAM Size For Recognition                             ; Off                ; Off                ;
; Allow Any ROM Size For Recognition                             ; Off                ; Off                ;
; Allow Any Shift Register Size For Recognition                  ; Off                ; Off                ;
; Use LogicLock Constraints during Resource Balancing            ; On                 ; On                 ;
; Ignore translate_off and synthesis_off directives              ; Off                ; Off                ;
; Timing-Driven Synthesis                                        ; Off                ; Off                ;
; Show Parameter Settings Tables in Synthesis Report             ; On                 ; On                 ;
; Ignore Maximum Fan-Out Assignments                             ; Off                ; Off                ;
; Synchronization Register Chain Length                          ; 2                  ; 2                  ;
; PowerPlay Power Optimization                                   ; Normal compilation ; Normal compilation ;
; HDL message level                                              ; Level2             ; Level2             ;
; Suppress Register Optimization Related Messages                ; Off                ; Off                ;
; Number of Removed Registers Reported in Synthesis Report       ; 100                ; 100                ;
; Number of Inverted Registers Reported in Synthesis Report      ; 100                ; 100                ;
; Clock MUX Protection                                           ; On                 ; On                 ;
; Auto Gated Clock Conversion                                    ; Off                ; Off                ;
; Block Design Naming                                            ; Auto               ; Auto               ;
; SDC constraint protection                                      ; Off                ; Off                ;
; Synthesis Effort                                               ; Auto               ; Auto               ;
; Allows Asynchronous Clear Usage For Shift Register Replacement ; On                 ; On                 ;
; Analysis & Synthesis Message Level                             ; Medium             ; Medium             ;
+----------------------------------------------------------------+--------------------+--------------------+


+------------------------------------------------------------------------------------------------------------------------------------------+
; Analysis & Synthesis Source Files Read                                                                                                   ;
+----------------------------------+-----------------+------------------------------------+------------------------------------------------+
; File Name with User-Entered Path ; Used in Netlist ; File Type                          ; File Name with Absolute Path                   ;
+----------------------------------+-----------------+------------------------------------+------------------------------------------------+
; priority_encoder.v               ; yes             ; User Verilog HDL File              ; C:/Expirement9/priority_encoder.v              ;
; sevenSegmentDriver.v             ; yes             ; User Verilog HDL File              ; C:/Expirement9/sevenSegmentDriver.v            ;
; dFlipFlop.v                      ; yes             ; User Verilog HDL File              ; C:/Expirement9/dFlipFlop.v                     ;
; Mux2to1.v                        ; yes             ; User Verilog HDL File              ; C:/Expirement9/Mux2to1.v                       ;
; Memory-System-Block-Diagram.bdf  ; yes             ; User Block Diagram/Schematic File  ; C:/Expirement9/Memory-System-Block-Diagram.bdf ;
; MyComp.v                         ; yes             ; User Verilog HDL File              ; C:/Expirement9/MyComp.v                        ;
; ComputerSecurity.bdf             ; yes             ; User Block Diagram/Schematic File  ; C:/Expirement9/ComputerSecurity.bdf            ;
+----------------------------------+-----------------+------------------------------------+------------------------------------------------+


+-------------------------------------------------------+
; Analysis & Synthesis Resource Usage Summary           ;
+-----------------------------------------------+-------+
; Resource                                      ; Usage ;
+-----------------------------------------------+-------+
; Estimated ALUTs Used                          ; 7     ;
; Dedicated logic registers                     ; 10    ;
;                                               ;       ;
; Estimated ALUTs Unavailable                   ; 0     ;
;                                               ;       ;
; Total combinational functions                 ; 7     ;
; Combinational ALUT usage by number of inputs  ;       ;
;     -- 7 input functions                      ; 0     ;
;     -- 6 input functions                      ; 1     ;
;     -- 5 input functions                      ; 1     ;
;     -- 4 input functions                      ; 0     ;
;     -- <=3 input functions                    ; 5     ;
;                                               ;       ;
; Combinational ALUTs by mode                   ;       ;
;     -- normal mode                            ; 7     ;
;     -- extended LUT mode                      ; 0     ;
;     -- arithmetic mode                        ; 0     ;
;     -- shared arithmetic mode                 ; 0     ;
;                                               ;       ;
; Estimated ALUT/register pairs used            ; 12    ;
;                                               ;       ;
; Total registers                               ; 10    ;
;     -- Dedicated logic registers              ; 10    ;
;     -- I/O registers                          ; 0     ;
;                                               ;       ;
; Estimated ALMs:  partially or completely used ; 6     ;
;                                               ;       ;
; I/O pins                                      ; 22    ;
; Maximum fan-out node                          ; clk   ;
; Maximum fan-out                               ; 10    ;
; Total fan-out                                 ; 68    ;
; Average fan-out                               ; 1.74  ;
+-----------------------------------------------+-------+


+------------------------------------------------------------------------------------------------------------------------------------------------------------------------------------------------------------------------------------------------------------+
; Analysis & Synthesis Resource Utilization by Entity                                                                                                                                                                                                        ;
+----------------------------------------+-------------------+--------------+-------------------+--------------+---------+-----------+-----------+------+--------------+----------------------------------------------------------------------+--------------+
; Compilation Hierarchy Node             ; LC Combinationals ; LC Registers ; Block Memory Bits ; DSP Elements ; DSP 9x9 ; DSP 18x18 ; DSP 36x36 ; Pins ; Virtual Pins ; Full Hierarchy Name                                                  ; Library Name ;
+----------------------------------------+-------------------+--------------+-------------------+--------------+---------+-----------+-----------+------+--------------+----------------------------------------------------------------------+--------------+
; |ComputerSecurity                      ; 7 (2)             ; 10 (0)       ; 0                 ; 0            ; 0       ; 0         ; 0         ; 22   ; 0            ; |ComputerSecurity                                                    ; work         ;
;    |Memory-System-Block-Diagram:inst5| ; 0 (0)             ; 5 (0)        ; 0                 ; 0            ; 0       ; 0         ; 0         ; 0    ; 0            ; |ComputerSecurity|Memory-System-Block-Diagram:inst5                  ; work         ;
;       |dFlipFlop:inst16|               ; 0 (0)             ; 1 (1)        ; 0                 ; 0            ; 0       ; 0         ; 0         ; 0    ; 0            ; |ComputerSecurity|Memory-System-Block-Diagram:inst5|dFlipFlop:inst16 ; work         ;
;       |dFlipFlop:inst18|               ; 0 (0)             ; 1 (1)        ; 0                 ; 0            ; 0       ; 0         ; 0         ; 0    ; 0            ; |ComputerSecurity|Memory-System-Block-Diagram:inst5|dFlipFlop:inst18 ; work         ;
;       |dFlipFlop:inst19|               ; 0 (0)             ; 1 (1)        ; 0                 ; 0            ; 0       ; 0         ; 0         ; 0    ; 0            ; |ComputerSecurity|Memory-System-Block-Diagram:inst5|dFlipFlop:inst19 ; work         ;
;       |dFlipFlop:inst20|               ; 0 (0)             ; 1 (1)        ; 0                 ; 0            ; 0       ; 0         ; 0         ; 0    ; 0            ; |ComputerSecurity|Memory-System-Block-Diagram:inst5|dFlipFlop:inst20 ; work         ;
;       |dFlipFlop:inst22|               ; 0 (0)             ; 1 (1)        ; 0                 ; 0            ; 0       ; 0         ; 0         ; 0    ; 0            ; |ComputerSecurity|Memory-System-Block-Diagram:inst5|dFlipFlop:inst22 ; work         ;
;    |Memory-System-Block-Diagram:inst6| ; 0 (0)             ; 5 (0)        ; 0                 ; 0            ; 0       ; 0         ; 0         ; 0    ; 0            ; |ComputerSecurity|Memory-System-Block-Diagram:inst6                  ; work         ;
;       |dFlipFlop:inst16|               ; 0 (0)             ; 1 (1)        ; 0                 ; 0            ; 0       ; 0         ; 0         ; 0    ; 0            ; |ComputerSecurity|Memory-System-Block-Diagram:inst6|dFlipFlop:inst16 ; work         ;
;       |dFlipFlop:inst18|               ; 0 (0)             ; 1 (1)        ; 0                 ; 0            ; 0       ; 0         ; 0         ; 0    ; 0            ; |ComputerSecurity|Memory-System-Block-Diagram:inst6|dFlipFlop:inst18 ; work         ;
;       |dFlipFlop:inst19|               ; 0 (0)             ; 1 (1)        ; 0                 ; 0            ; 0       ; 0         ; 0         ; 0    ; 0            ; |ComputerSecurity|Memory-System-Block-Diagram:inst6|dFlipFlop:inst19 ; work         ;
;       |dFlipFlop:inst20|               ; 0 (0)             ; 1 (1)        ; 0                 ; 0            ; 0       ; 0         ; 0         ; 0    ; 0            ; |ComputerSecurity|Memory-System-Block-Diagram:inst6|dFlipFlop:inst20 ; work         ;
;       |dFlipFlop:inst22|               ; 0 (0)             ; 1 (1)        ; 0                 ; 0            ; 0       ; 0         ; 0         ; 0    ; 0            ; |ComputerSecurity|Memory-System-Block-Diagram:inst6|dFlipFlop:inst22 ; work         ;
;    |priority_encoder:inst|             ; 2 (2)             ; 0 (0)        ; 0                 ; 0            ; 0       ; 0         ; 0         ; 0    ; 0            ; |ComputerSecurity|priority_encoder:inst                              ; work         ;
;    |sevenSegmentDriver:inst4|          ; 3 (3)             ; 0 (0)        ; 0                 ; 0            ; 0       ; 0         ; 0         ; 0    ; 0            ; |ComputerSecurity|sevenSegmentDriver:inst4                           ; work         ;
+----------------------------------------+-------------------+--------------+-------------------+--------------+---------+-----------+-----------+------+--------------+----------------------------------------------------------------------+--------------+
Note: For table entries with two numbers listed, the numbers in parentheses indicate the number of resources of the given type used by the specific entity alone. The numbers listed outside of parentheses indicate the total resources of the given type used by the specific entity and all of its sub-entities in the hierarchy.


+-------------------------------------------------------------------------------------------------------------------------+
; Registers Removed During Synthesis                                                                                      ;
+------------------------------------------------------+------------------------------------------------------------------+
; Register name                                        ; Reason for Removal                                               ;
+------------------------------------------------------+------------------------------------------------------------------+
; Memory-System-Block-Diagram:inst6|dFlipFlop:inst17|q ; Stuck at GND due to stuck port data_in                           ;
; Memory-System-Block-Diagram:inst5|dFlipFlop:inst17|q ; Stuck at GND due to stuck port data_in                           ;
; Memory-System-Block-Diagram:inst6|dFlipFlop:inst|q   ; Merged with Memory-System-Block-Diagram:inst6|dFlipFlop:inst18|q ;
; Memory-System-Block-Diagram:inst5|dFlipFlop:inst|q   ; Merged with Memory-System-Block-Diagram:inst5|dFlipFlop:inst18|q ;
; Total Number of Removed Registers = 4                ;                                                                  ;
+------------------------------------------------------+------------------------------------------------------------------+


+------------------------------------------------------+
; General Register Statistics                          ;
+----------------------------------------------+-------+
; Statistic                                    ; Value ;
+----------------------------------------------+-------+
; Total registers                              ; 10    ;
; Number of registers using Synchronous Clear  ; 0     ;
; Number of registers using Synchronous Load   ; 0     ;
; Number of registers using Asynchronous Clear ; 0     ;
; Number of registers using Asynchronous Load  ; 0     ;
; Number of registers using Clock Enable       ; 10    ;
; Number of registers using Preset             ; 0     ;
+----------------------------------------------+-------+


+-------------------------------+
; Analysis & Synthesis Messages ;
+-------------------------------+
Info: *******************************************************************
Info: Running Quartus II Analysis & Synthesis
    Info: Version 9.0 Build 132 02/25/2009 SJ Web Edition
    Info: Processing started: Wed Sep 10 16:29:49 2025
Info: Command: quartus_map --read_settings_files=on --write_settings_files=off Expirement9 -c Expirement9
Info: Found 1 design units, including 1 entities, in source file priority_encoder.v
    Info: Found entity 1: priority_encoder
Info: Found 1 design units, including 1 entities, in source file sevenSegmentDriver.v
    Info: Found entity 1: sevenSegmentDriver
Info: Found 1 design units, including 1 entities, in source file dFlipFlop.v
    Info: Found entity 1: dFlipFlop
Info: Found 1 design units, including 1 entities, in source file Mux2to1.v
    Info: Found entity 1: Mux2to1
Info: Found 1 design units, including 1 entities, in source file Memory-System-Block-Diagram.bdf
    Info: Found entity 1: Memory-System-Block-Diagram
Info: Found 1 design units, including 1 entities, in source file MyComp.v
    Info: Found entity 1: MyComp
Info: Found 1 design units, including 1 entities, in source file ComputerSecurity.bdf
    Info: Found entity 1: ComputerSecurity
Info: Elaborating entity "ComputerSecurity" for the top level hierarchy
Info: Elaborating entity "MyComp" for hierarchy "MyComp:inst8"
Info: Elaborating entity "Memory-System-Block-Diagram" for hierarchy "Memory-System-Block-Diagram:inst5"
Info: Elaborating entity "dFlipFlop" for hierarchy "Memory-System-Block-Diagram:inst5|dFlipFlop:inst"
Info: Elaborating entity "Mux2to1" for hierarchy "Memory-System-Block-Diagram:inst5|Mux2to1:inst9"
Info: Elaborating entity "sevenSegmentDriver" for hierarchy "sevenSegmentDriver:inst4"
Info: Elaborating entity "priority_encoder" for hierarchy "priority_encoder:inst"
Warning: Output pins are stuck at VCC or GND
    Warning (13410): Pin "DataA[1]" is stuck at GND
    Warning (13410): Pin "DataB[1]" is stuck at GND
Warning: Ignored assignments for entity "Expirement9" -- entity does not exist in design
    Warning: Assignment of entity set_global_assignment -name LL_ROOT_REGION ON -entity Expirement9 -section_id "Root Region" is ignored
    Warning: Assignment of entity set_global_assignment -name LL_MEMBER_STATE LOCKED -entity Expirement9 -section_id "Root Region" is ignored
Warning: Design contains 1 input pin(s) that do not drive logic
    Warning (15610): No output dependent on input pin "I0"
Info: Implemented 39 device resources after synthesis - the final resource count might be different
    Info: Implemented 6 input pins
    Info: Implemented 16 output pins
    Info: Implemented 17 logic cells
Info: Quartus II Analysis & Synthesis was successful. 0 errors, 8 warnings
    Info: Peak virtual memory: 235 megabytes
    Info: Processing ended: Wed Sep 10 16:29:50 2025
    Info: Elapsed time: 00:00:01
    Info: Total CPU time (on all processors): 00:00:01


